[debug] [2022-12-14T14:20:17.123Z] ----------------------------------------------------------------------
[debug] [2022-12-14T14:20:17.125Z] Command:       C:\Program Files\nodejs\node.exe C:\Users\nidal\AppData\Roaming\npm\node_modules\firebase-tools\lib\bin\firebase.js init
[debug] [2022-12-14T14:20:17.125Z] CLI Version:   11.18.0
[debug] [2022-12-14T14:20:17.125Z] Platform:      win32
[debug] [2022-12-14T14:20:17.125Z] Node Version:  v16.15.1
[debug] [2022-12-14T14:20:17.126Z] Time:          Thu Dec 15 2022 01:20:17 GMT+1100 (Australian Eastern Daylight Time)
[debug] [2022-12-14T14:20:17.127Z] ----------------------------------------------------------------------
[debug] 
[debug] [2022-12-14T14:20:17.130Z] >>> [apiv2][query] GET https://firebase-public.firebaseio.com/cli.json [none]
[debug] [2022-12-14T14:20:17.152Z] > command requires scopes: ["email","openid","https://www.googleapis.com/auth/cloudplatformprojects.readonly","https://www.googleapis.com/auth/firebase","https://www.googleapis.com/auth/cloud-platform"]
[debug] [2022-12-14T14:20:17.152Z] > authorizing via signed-in user (nidal.chowdhury1@gmail.com)
[info] 
     ######## #### ########  ######## ########     ###     ######  ########
     ##        ##  ##     ## ##       ##     ##  ##   ##  ##       ##
     ######    ##  ########  ######   ########  #########  ######  ######
     ##        ##  ##    ##  ##       ##     ## ##     ##       ## ##
     ##       #### ##     ## ######## ########  ##     ##  ######  ########

You're about to initialize a Firebase project in this directory:

  C:\Users\nidal\OneDrive\Desktop\FEsimplified\netflix-clone-0d6a5080fe9601b039e97abb682951ee84bd6894

[debug] [2022-12-14T14:20:17.575Z] <<< [apiv2][status] GET https://firebase-public.firebaseio.com/cli.json 200
[debug] [2022-12-14T14:20:17.576Z] <<< [apiv2][body] GET https://firebase-public.firebaseio.com/cli.json {"cloudBuildErrorAfter":1594252800000,"cloudBuildWarnAfter":1590019200000,"defaultNode10After":1594252800000,"minVersion":"3.0.5","node8DeploysDisabledAfter":1613390400000,"node8RuntimeDisabledAfter":1615809600000,"node8WarnAfter":1600128000000}
[info] 
=== Project Setup
[info] 
[info] First, let's associate this project directory with a Firebase project.
[info] You can create multiple project aliases by running firebase use --add, 
[info] but for now we'll just set up a default project.
[info] 
[info] i  If you want to create a project in a Google Cloud organization or folder, please use "firebase projects:create" instead, and return to this command when you've created the project. 
[debug] [2022-12-14T14:21:15.239Z] > refreshing access token with scopes: []
[debug] [2022-12-14T14:21:15.240Z] >>> [apiv2][query] POST https://www.googleapis.com/oauth2/v3/token [none]
[debug] [2022-12-14T14:21:15.240Z] >>> [apiv2][body] POST https://www.googleapis.com/oauth2/v3/token [omitted]
[debug] [2022-12-14T14:21:15.506Z] <<< [apiv2][status] POST https://www.googleapis.com/oauth2/v3/token 200
[debug] [2022-12-14T14:21:15.506Z] <<< [apiv2][body] POST https://www.googleapis.com/oauth2/v3/token [omitted]
[debug] [2022-12-14T14:21:15.521Z] >>> [apiv2][query] POST https://cloudresourcemanager.googleapis.com/v1/projects [none]
[debug] [2022-12-14T14:21:15.521Z] >>> [apiv2][body] POST https://cloudresourcemanager.googleapis.com/v1/projects {"projectId":"netflix-clone-new","name":"netflix-clone-new"}
[debug] [2022-12-14T14:21:16.589Z] <<< [apiv2][status] POST https://cloudresourcemanager.googleapis.com/v1/projects 409
[debug] [2022-12-14T14:21:16.589Z] <<< [apiv2][body] POST https://cloudresourcemanager.googleapis.com/v1/projects {"error":{"code":409,"message":"Requested entity already exists","status":"ALREADY_EXISTS"}}
[debug] [2022-12-14T14:21:16.811Z] FirebaseError: HTTP Error: 409, Requested entity already exists
    at responseToError (C:\Users\nidal\AppData\Roaming\npm\node_modules\firebase-tools\lib\responseToError.js:49:12)
    at RetryOperation._fn (C:\Users\nidal\AppData\Roaming\npm\node_modules\firebase-tools\lib\apiv2.js:288:77)
    at processTicksAndRejections (node:internal/process/task_queues:96:5)
[error] 
[error] Error: Failed to create project because there is already a project with ID netflix-clone-new. Please try again with a unique project ID.
